[23/09/2025 14:09:06] Archivo de configuracion encontrado: C:\Proyectos\cli\cli.ini
[23/09/2025 14:09:06] Procesando: [DATABASE] DefaultPath = CONDOR.accdb -> clave: DATABASE_DefaultPath
[23/09/2025 14:09:06] Ruta resuelta: C:\Proyectos\cli\CONDOR.accdb
[23/09/2025 14:09:06] Clave actualizada: DATABASE_DefaultPath = C:\Proyectos\cli\CONDOR.accdb
[23/09/2025 14:09:06] Procesando: [DATABASE] Password =  -> clave: DATABASE_Password
[23/09/2025 14:09:06] Clave actualizada: DATABASE_Password = 
[23/09/2025 14:09:06] Procesando: [DATABASE] Timeout = 30 -> clave: DATABASE_Timeout
[23/09/2025 14:09:06] Clave actualizada: DATABASE_Timeout = 30
[23/09/2025 14:09:06] Procesando: [MODULES] SrcPath = src -> clave: MODULES_SrcPath
[23/09/2025 14:09:07] Ruta resuelta: C:\Proyectos\cli\src
[23/09/2025 14:09:07] Clave actualizada: MODULES_SrcPath = C:\Proyectos\cli\src
[23/09/2025 14:09:07] Procesando: [MODULES] Extensions = .bas,.cls -> clave: MODULES_Extensions
[23/09/2025 14:09:07] Clave actualizada: MODULES_Extensions = .bas,.cls
[23/09/2025 14:09:07] Procesando: [MODULES] IncludeSubdirectories = true -> clave: MODULES_IncludeSubdirectories
[23/09/2025 14:09:07] Clave actualizada: MODULES_IncludeSubdirectories = true
[23/09/2025 14:09:07] Procesando: [MODULES] FilePattern = * -> clave: MODULES_FilePattern
[23/09/2025 14:09:07] Clave actualizada: MODULES_FilePattern = *
[23/09/2025 14:09:07] Procesando: [OUTPUT] DefaultPath = output -> clave: OUTPUT_DefaultPath
[23/09/2025 14:09:07] Ruta resuelta: C:\Proyectos\cli\output
[23/09/2025 14:09:07] Clave actualizada: OUTPUT_DefaultPath = C:\Proyectos\cli\output
[23/09/2025 14:09:07] Procesando: [OUTPUT] Format = json -> clave: OUTPUT_Format
[23/09/2025 14:09:07] Clave actualizada: OUTPUT_Format = json
[23/09/2025 14:09:07] Procesando: [OUTPUT] PrettyPrint = true -> clave: OUTPUT_PrettyPrint
[23/09/2025 14:09:07] Clave actualizada: OUTPUT_PrettyPrint = true
[23/09/2025 14:09:07] Procesando: [LOGGING] Verbose = false -> clave: LOGGING_Verbose
[23/09/2025 14:09:07] Clave actualizada: LOGGING_Verbose = false
[23/09/2025 14:09:07] Procesando: [LOGGING] QuietMode = false -> clave: LOGGING_QuietMode
[23/09/2025 14:09:07] Clave actualizada: LOGGING_QuietMode = false
[23/09/2025 14:09:07] Procesando: [LOGGING] LogFile = cli.log -> clave: LOGGING_LogFile
[23/09/2025 14:09:07] Ruta resuelta: C:\Proyectos\cli\cli.log
[23/09/2025 14:09:07] Clave actualizada: LOGGING_LogFile = C:\Proyectos\cli\cli.log
[23/09/2025 14:09:07] Procesando: [LOGGING] LogLevel = INFO -> clave: LOGGING_LogLevel
[23/09/2025 14:09:07] Clave actualizada: LOGGING_LogLevel = INFO
[23/09/2025 14:09:07] Procesando: [EXTRACTION] IncludeTables = true -> clave: EXTRACTION_IncludeTables
[23/09/2025 14:09:07] Clave actualizada: EXTRACTION_IncludeTables = true
[23/09/2025 14:09:07] Procesando: [EXTRACTION] IncludeForms = true -> clave: EXTRACTION_IncludeForms
[23/09/2025 14:09:07] Clave actualizada: EXTRACTION_IncludeForms = true
[23/09/2025 14:09:07] Procesando: [EXTRACTION] IncludeQueries = true -> clave: EXTRACTION_IncludeQueries
[23/09/2025 14:09:07] Clave actualizada: EXTRACTION_IncludeQueries = true
[23/09/2025 14:09:07] Procesando: [EXTRACTION] IncludeRelations = true -> clave: EXTRACTION_IncludeRelations
[23/09/2025 14:09:07] Clave actualizada: EXTRACTION_IncludeRelations = true
[23/09/2025 14:09:07] Procesando: [EXTRACTION] FilterSystemObjects = true -> clave: EXTRACTION_FilterSystemObjects
[23/09/2025 14:09:07] Clave actualizada: EXTRACTION_FilterSystemObjects = true
[23/09/2025 14:09:07] Procesando: [TABLES] IncludeSystemTables = false -> clave: TABLES_IncludeSystemTables
[23/09/2025 14:09:07] Clave agregada: TABLES_IncludeSystemTables = false
[23/09/2025 14:09:07] Procesando: [TABLES] IncludeFieldProperties = true -> clave: TABLES_IncludeFieldProperties
[23/09/2025 14:09:07] Clave agregada: TABLES_IncludeFieldProperties = true
[23/09/2025 14:09:07] Procesando: [TABLES] IncludeConstraints = true -> clave: TABLES_IncludeConstraints
[23/09/2025 14:09:07] Clave agregada: TABLES_IncludeConstraints = true
[23/09/2025 14:09:08] Procesando: [TABLES] IncludeTableProperties = true -> clave: TABLES_IncludeTableProperties
[23/09/2025 14:09:08] Clave agregada: TABLES_IncludeTableProperties = true
[23/09/2025 14:09:08] Procesando: [FORMS] IncludeControlProperties = true -> clave: FORMS_IncludeControlProperties
[23/09/2025 14:09:08] Clave agregada: FORMS_IncludeControlProperties = true
[23/09/2025 14:09:08] Procesando: [FORMS] IncludeEventHandlers = true -> clave: FORMS_IncludeEventHandlers
[23/09/2025 14:09:08] Clave agregada: FORMS_IncludeEventHandlers = true
[23/09/2025 14:09:08] Procesando: [FORMS] IncludeSubforms = true -> clave: FORMS_IncludeSubforms
[23/09/2025 14:09:08] Clave agregada: FORMS_IncludeSubforms = true
[23/09/2025 14:09:08] Procesando: [FORMS] IncludeControlLayout = true -> clave: FORMS_IncludeControlLayout
[23/09/2025 14:09:08] Clave agregada: FORMS_IncludeControlLayout = true
[23/09/2025 14:09:08] Procesando: [TESTING] TestMode = false -> clave: TESTING_TestMode
[23/09/2025 14:09:08] Clave agregada: TESTING_TestMode = false
[23/09/2025 14:09:08] Procesando: [TESTING] TestDatabase = .\test\sample.accdb -> clave: TESTING_TestDatabase
[23/09/2025 14:09:08] Clave agregada: TESTING_TestDatabase = .\test\sample.accdb
[23/09/2025 14:09:08] Procesando: [TESTING] TestOutputPath = .\test\output -> clave: TESTING_TestOutputPath
[23/09/2025 14:09:08] Ruta resuelta: C:\Proyectos\cli\.\test\output
[23/09/2025 14:09:08] Clave agregada: TESTING_TestOutputPath = C:\Proyectos\cli\.\test\output
[23/09/2025 14:09:08] Procesando: [TESTING] DryRun = false -> clave: TESTING_DryRun
[23/09/2025 14:09:08] Clave agregada: TESTING_DryRun = false
[23/09/2025 14:09:08] Procesando: [PERFORMANCE] BatchSize = 100 -> clave: PERFORMANCE_BatchSize
[23/09/2025 14:09:08] Clave agregada: PERFORMANCE_BatchSize = 100
[23/09/2025 14:09:08] Procesando: [PERFORMANCE] TimeoutSeconds = 30 -> clave: PERFORMANCE_TimeoutSeconds
[23/09/2025 14:09:08] Clave agregada: PERFORMANCE_TimeoutSeconds = 30
[23/09/2025 14:09:08] Procesando: [PERFORMANCE] MaxMemoryMB = 512 -> clave: PERFORMANCE_MaxMemoryMB
[23/09/2025 14:09:08] Clave agregada: PERFORMANCE_MaxMemoryMB = 512
[23/09/2025 14:09:08] Procesando: [SECURITY] AllowSystemAccess = false -> clave: SECURITY_AllowSystemAccess
[23/09/2025 14:09:08] Clave agregada: SECURITY_AllowSystemAccess = false
[23/09/2025 14:09:08] Procesando: [SECURITY] ValidateInputs = true -> clave: SECURITY_ValidateInputs
[23/09/2025 14:09:08] Clave agregada: SECURITY_ValidateInputs = true
[23/09/2025 14:09:08] Procesando: [SECURITY] SanitizeOutput = true -> clave: SECURITY_SanitizeOutput
[23/09/2025 14:09:08] Clave agregada: SECURITY_SanitizeOutput = true
[23/09/2025 14:09:08] Procesando: [COMPATIBILITY] AccessVersion = 2016 -> clave: COMPATIBILITY_AccessVersion
[23/09/2025 14:09:08] Clave agregada: COMPATIBILITY_AccessVersion = 2016
[23/09/2025 14:09:08] Procesando: [COMPATIBILITY] UseADO = true -> clave: COMPATIBILITY_UseADO
[23/09/2025 14:09:08] Clave agregada: COMPATIBILITY_UseADO = true
[23/09/2025 14:09:08] Procesando: [COMPATIBILITY] UseLegacyMode = false -> clave: COMPATIBILITY_UseLegacyMode
[23/09/2025 14:09:08] Clave agregada: COMPATIBILITY_UseLegacyMode = false
[23/09/2025 14:09:08] Procesando: [VBA] EnableVBEAccess = true -> clave: VBA_EnableVBEAccess
[23/09/2025 14:09:08] Clave agregada: VBA_EnableVBEAccess = true
[23/09/2025 14:09:09] Procesando: [VBA] TrustVBAProject = true -> clave: VBA_TrustVBAProject
[23/09/2025 14:09:09] Clave agregada: VBA_TrustVBAProject = true
[23/09/2025 14:09:09] Procesando: [VBA] RequireVBAAccess = true -> clave: VBA_RequireVBAAccess
[23/09/2025 14:09:09] Clave agregada: VBA_RequireVBAAccess = true
[23/09/2025 14:09:09] Procesando: [UI] Root = .\ui -> clave: UI_Root
[23/09/2025 14:09:09] Clave agregada: UI_Root = .\ui
[23/09/2025 14:09:09] Procesando: [UI] FormsDir = forms -> clave: UI_FormsDir
[23/09/2025 14:09:09] Clave agregada: UI_FormsDir = forms
[23/09/2025 14:09:09] Procesando: [UI] AssetsDir = assets -> clave: UI_AssetsDir
[23/09/2025 14:09:09] Clave agregada: UI_AssetsDir = assets
[23/09/2025 14:09:09] Procesando: [UI] DefaultFormat = json -> clave: UI_DefaultFormat
[23/09/2025 14:09:09] Clave agregada: UI_DefaultFormat = json
[23/09/2025 14:09:09] Procesando: [UI] IncludeSubdirectories = true -> clave: UI_IncludeSubdirectories
[23/09/2025 14:09:09] Clave agregada: UI_IncludeSubdirectories = true
[23/09/2025 14:09:09] Procesando: [UI] FormFilePattern = *.json -> clave: UI_FormFilePattern
[23/09/2025 14:09:09] Clave agregada: UI_FormFilePattern = *.json
[23/09/2025 14:09:09] Procesando: [UI] NameFromFileBase = true -> clave: UI_NameFromFileBase
[23/09/2025 14:09:09] Ruta resuelta: C:\Proyectos\cli\true
[23/09/2025 14:09:09] Clave agregada: UI_NameFromFileBase = C:\Proyectos\cli\true
[23/09/2025 14:19:02] Archivo de configuracion encontrado: C:\Proyectos\cli\cli.ini
[23/09/2025 14:19:02] Procesando: [DATABASE] DefaultPath = CONDOR.accdb -> clave: DATABASE_DefaultPath
[23/09/2025 14:19:02] Ruta resuelta: C:\Proyectos\cli\CONDOR.accdb
[23/09/2025 14:19:02] Clave actualizada: DATABASE_DefaultPath = C:\Proyectos\cli\CONDOR.accdb
[23/09/2025 14:19:02] Procesando: [DATABASE] Password =  -> clave: DATABASE_Password
[23/09/2025 14:19:02] Clave actualizada: DATABASE_Password = 
[23/09/2025 14:19:02] Procesando: [DATABASE] Timeout = 30 -> clave: DATABASE_Timeout
[23/09/2025 14:19:02] Clave actualizada: DATABASE_Timeout = 30
[23/09/2025 14:19:02] Procesando: [MODULES] SrcPath = src -> clave: MODULES_SrcPath
[23/09/2025 14:19:02] Ruta resuelta: C:\Proyectos\cli\src
[23/09/2025 14:19:02] Clave actualizada: MODULES_SrcPath = C:\Proyectos\cli\src
[23/09/2025 14:19:02] Procesando: [MODULES] Extensions = .bas,.cls -> clave: MODULES_Extensions
[23/09/2025 14:19:02] Clave actualizada: MODULES_Extensions = .bas,.cls
[23/09/2025 14:19:02] Procesando: [MODULES] IncludeSubdirectories = true -> clave: MODULES_IncludeSubdirectories
[23/09/2025 14:19:02] Clave actualizada: MODULES_IncludeSubdirectories = true
[23/09/2025 14:19:02] Procesando: [MODULES] FilePattern = * -> clave: MODULES_FilePattern
[23/09/2025 14:19:02] Clave actualizada: MODULES_FilePattern = *
[23/09/2025 14:19:02] Procesando: [OUTPUT] DefaultPath = output -> clave: OUTPUT_DefaultPath
[23/09/2025 14:19:02] Ruta resuelta: C:\Proyectos\cli\output
[23/09/2025 14:19:02] Clave actualizada: OUTPUT_DefaultPath = C:\Proyectos\cli\output
[23/09/2025 14:19:02] Procesando: [OUTPUT] Format = json -> clave: OUTPUT_Format
[23/09/2025 14:19:02] Clave actualizada: OUTPUT_Format = json
[23/09/2025 14:19:02] Procesando: [OUTPUT] PrettyPrint = true -> clave: OUTPUT_PrettyPrint
[23/09/2025 14:19:02] Clave actualizada: OUTPUT_PrettyPrint = true
[23/09/2025 14:19:02] Procesando: [LOGGING] Verbose = false -> clave: LOGGING_Verbose
[23/09/2025 14:19:02] Clave actualizada: LOGGING_Verbose = false
[23/09/2025 14:19:02] Procesando: [LOGGING] QuietMode = false -> clave: LOGGING_QuietMode
[23/09/2025 14:19:02] Clave actualizada: LOGGING_QuietMode = false
[23/09/2025 14:19:02] Procesando: [LOGGING] LogFile = cli.log -> clave: LOGGING_LogFile
[23/09/2025 14:19:02] Ruta resuelta: C:\Proyectos\cli\cli.log
[23/09/2025 14:19:02] Clave actualizada: LOGGING_LogFile = C:\Proyectos\cli\cli.log
[23/09/2025 14:19:02] Procesando: [LOGGING] LogLevel = INFO -> clave: LOGGING_LogLevel
[23/09/2025 14:19:02] Clave actualizada: LOGGING_LogLevel = INFO
[23/09/2025 14:19:02] Procesando: [EXTRACTION] IncludeTables = true -> clave: EXTRACTION_IncludeTables
[23/09/2025 14:19:02] Clave actualizada: EXTRACTION_IncludeTables = true
[23/09/2025 14:19:02] Procesando: [EXTRACTION] IncludeForms = true -> clave: EXTRACTION_IncludeForms
[23/09/2025 14:19:02] Clave actualizada: EXTRACTION_IncludeForms = true
[23/09/2025 14:19:03] Procesando: [EXTRACTION] IncludeQueries = true -> clave: EXTRACTION_IncludeQueries
[23/09/2025 14:19:03] Clave actualizada: EXTRACTION_IncludeQueries = true
[23/09/2025 14:19:03] Procesando: [EXTRACTION] IncludeRelations = true -> clave: EXTRACTION_IncludeRelations
[23/09/2025 14:19:03] Clave actualizada: EXTRACTION_IncludeRelations = true
[23/09/2025 14:19:03] Procesando: [EXTRACTION] FilterSystemObjects = true -> clave: EXTRACTION_FilterSystemObjects
[23/09/2025 14:19:03] Clave actualizada: EXTRACTION_FilterSystemObjects = true
[23/09/2025 14:19:03] Procesando: [TABLES] IncludeSystemTables = false -> clave: TABLES_IncludeSystemTables
[23/09/2025 14:19:03] Clave agregada: TABLES_IncludeSystemTables = false
[23/09/2025 14:19:03] Procesando: [TABLES] IncludeFieldProperties = true -> clave: TABLES_IncludeFieldProperties
[23/09/2025 14:19:03] Clave agregada: TABLES_IncludeFieldProperties = true
[23/09/2025 14:19:03] Procesando: [TABLES] IncludeConstraints = true -> clave: TABLES_IncludeConstraints
[23/09/2025 14:19:03] Clave agregada: TABLES_IncludeConstraints = true
[23/09/2025 14:19:03] Procesando: [TABLES] IncludeTableProperties = true -> clave: TABLES_IncludeTableProperties
[23/09/2025 14:19:03] Clave agregada: TABLES_IncludeTableProperties = true
[23/09/2025 14:19:03] Procesando: [FORMS] IncludeControlProperties = true -> clave: FORMS_IncludeControlProperties
[23/09/2025 14:19:03] Clave agregada: FORMS_IncludeControlProperties = true
[23/09/2025 14:19:03] Procesando: [FORMS] IncludeEventHandlers = true -> clave: FORMS_IncludeEventHandlers
[23/09/2025 14:19:03] Clave agregada: FORMS_IncludeEventHandlers = true
[23/09/2025 14:19:03] Procesando: [FORMS] IncludeSubforms = true -> clave: FORMS_IncludeSubforms
[23/09/2025 14:19:03] Clave agregada: FORMS_IncludeSubforms = true
[23/09/2025 14:19:03] Procesando: [FORMS] IncludeControlLayout = true -> clave: FORMS_IncludeControlLayout
[23/09/2025 14:19:03] Clave agregada: FORMS_IncludeControlLayout = true
[23/09/2025 14:19:03] Procesando: [TESTING] TestMode = false -> clave: TESTING_TestMode
[23/09/2025 14:19:03] Clave agregada: TESTING_TestMode = false
[23/09/2025 14:19:03] Procesando: [TESTING] TestDatabase = .\test\sample.accdb -> clave: TESTING_TestDatabase
[23/09/2025 14:19:03] Clave agregada: TESTING_TestDatabase = .\test\sample.accdb
[23/09/2025 14:19:03] Procesando: [TESTING] TestOutputPath = .\test\output -> clave: TESTING_TestOutputPath
[23/09/2025 14:19:03] Ruta resuelta: C:\Proyectos\cli\.\test\output
[23/09/2025 14:19:03] Clave agregada: TESTING_TestOutputPath = C:\Proyectos\cli\.\test\output
[23/09/2025 14:19:03] Procesando: [TESTING] DryRun = false -> clave: TESTING_DryRun
[23/09/2025 14:19:03] Clave agregada: TESTING_DryRun = false
[23/09/2025 14:19:03] Procesando: [PERFORMANCE] BatchSize = 100 -> clave: PERFORMANCE_BatchSize
[23/09/2025 14:19:03] Clave agregada: PERFORMANCE_BatchSize = 100
[23/09/2025 14:19:03] Procesando: [PERFORMANCE] TimeoutSeconds = 30 -> clave: PERFORMANCE_TimeoutSeconds
[23/09/2025 14:19:03] Clave agregada: PERFORMANCE_TimeoutSeconds = 30
[23/09/2025 14:19:03] Procesando: [PERFORMANCE] MaxMemoryMB = 512 -> clave: PERFORMANCE_MaxMemoryMB
[23/09/2025 14:19:03] Clave agregada: PERFORMANCE_MaxMemoryMB = 512
[23/09/2025 14:19:03] Procesando: [SECURITY] AllowSystemAccess = false -> clave: SECURITY_AllowSystemAccess
[23/09/2025 14:19:03] Clave agregada: SECURITY_AllowSystemAccess = false
[23/09/2025 14:19:03] Procesando: [SECURITY] ValidateInputs = true -> clave: SECURITY_ValidateInputs
[23/09/2025 14:19:04] Clave agregada: SECURITY_ValidateInputs = true
[23/09/2025 14:19:04] Procesando: [SECURITY] SanitizeOutput = true -> clave: SECURITY_SanitizeOutput
[23/09/2025 14:19:04] Clave agregada: SECURITY_SanitizeOutput = true
[23/09/2025 14:19:04] Procesando: [COMPATIBILITY] AccessVersion = 2016 -> clave: COMPATIBILITY_AccessVersion
[23/09/2025 14:19:04] Clave agregada: COMPATIBILITY_AccessVersion = 2016
[23/09/2025 14:19:04] Procesando: [COMPATIBILITY] UseADO = true -> clave: COMPATIBILITY_UseADO
[23/09/2025 14:19:04] Clave agregada: COMPATIBILITY_UseADO = true
[23/09/2025 14:19:04] Procesando: [COMPATIBILITY] UseLegacyMode = false -> clave: COMPATIBILITY_UseLegacyMode
[23/09/2025 14:19:04] Clave agregada: COMPATIBILITY_UseLegacyMode = false
[23/09/2025 14:19:04] Procesando: [VBA] EnableVBEAccess = true -> clave: VBA_EnableVBEAccess
[23/09/2025 14:19:04] Clave agregada: VBA_EnableVBEAccess = true
[23/09/2025 14:19:04] Procesando: [VBA] TrustVBAProject = true -> clave: VBA_TrustVBAProject
[23/09/2025 14:19:04] Clave agregada: VBA_TrustVBAProject = true
[23/09/2025 14:19:04] Procesando: [VBA] RequireVBAAccess = true -> clave: VBA_RequireVBAAccess
[23/09/2025 14:19:04] Clave agregada: VBA_RequireVBAAccess = true
[23/09/2025 14:19:04] Procesando: [UI] Root = .\ui -> clave: UI_Root
[23/09/2025 14:19:04] Clave agregada: UI_Root = .\ui
[23/09/2025 14:19:04] Procesando: [UI] FormsDir = forms -> clave: UI_FormsDir
[23/09/2025 14:19:04] Clave agregada: UI_FormsDir = forms
[23/09/2025 14:19:04] Procesando: [UI] AssetsDir = assets -> clave: UI_AssetsDir
[23/09/2025 14:19:04] Clave agregada: UI_AssetsDir = assets
[23/09/2025 14:19:04] Procesando: [UI] DefaultFormat = json -> clave: UI_DefaultFormat
[23/09/2025 14:19:04] Clave agregada: UI_DefaultFormat = json
[23/09/2025 14:19:04] Procesando: [UI] IncludeSubdirectories = true -> clave: UI_IncludeSubdirectories
[23/09/2025 14:19:04] Clave agregada: UI_IncludeSubdirectories = true
[23/09/2025 14:19:04] Procesando: [UI] FormFilePattern = *.json -> clave: UI_FormFilePattern
[23/09/2025 14:19:04] Clave agregada: UI_FormFilePattern = *.json
[23/09/2025 14:19:04] Procesando: [UI] NameFromFileBase = true -> clave: UI_NameFromFileBase
[23/09/2025 14:19:04] Ruta resuelta: C:\Proyectos\cli\true
[23/09/2025 14:19:04] Clave agregada: UI_NameFromFileBase = C:\Proyectos\cli\true
[23/09/2025 14:19:04] Archivo de configuracion encontrado: C:\Proyectos\cli\cli.ini
[23/09/2025 14:19:04] Procesando: [DATABASE] DefaultPath = CONDOR.accdb -> clave: DATABASE_DefaultPath
[23/09/2025 14:19:04] Ruta resuelta: C:\Proyectos\cli\CONDOR.accdb
[23/09/2025 14:19:04] Clave actualizada: DATABASE_DefaultPath = C:\Proyectos\cli\CONDOR.accdb
[23/09/2025 14:19:04] Procesando: [DATABASE] Password =  -> clave: DATABASE_Password
[23/09/2025 14:19:04] Clave actualizada: DATABASE_Password = 
[23/09/2025 14:19:04] Procesando: [DATABASE] Timeout = 30 -> clave: DATABASE_Timeout
[23/09/2025 14:19:04] Clave actualizada: DATABASE_Timeout = 30
[23/09/2025 14:19:04] Procesando: [MODULES] SrcPath = src -> clave: MODULES_SrcPath
[23/09/2025 14:19:05] Ruta resuelta: C:\Proyectos\cli\src
[23/09/2025 14:19:05] Clave actualizada: MODULES_SrcPath = C:\Proyectos\cli\src
[23/09/2025 14:19:05] Procesando: [MODULES] Extensions = .bas,.cls -> clave: MODULES_Extensions
[23/09/2025 14:19:05] Clave actualizada: MODULES_Extensions = .bas,.cls
[23/09/2025 14:19:05] Procesando: [MODULES] IncludeSubdirectories = true -> clave: MODULES_IncludeSubdirectories
[23/09/2025 14:19:05] Clave actualizada: MODULES_IncludeSubdirectories = true
[23/09/2025 14:19:05] Procesando: [MODULES] FilePattern = * -> clave: MODULES_FilePattern
[23/09/2025 14:19:05] Clave actualizada: MODULES_FilePattern = *
[23/09/2025 14:19:05] Procesando: [OUTPUT] DefaultPath = output -> clave: OUTPUT_DefaultPath
[23/09/2025 14:19:05] Ruta resuelta: C:\Proyectos\cli\output
[23/09/2025 14:19:05] Clave actualizada: OUTPUT_DefaultPath = C:\Proyectos\cli\output
[23/09/2025 14:19:05] Procesando: [OUTPUT] Format = json -> clave: OUTPUT_Format
[23/09/2025 14:19:05] Clave actualizada: OUTPUT_Format = json
[23/09/2025 14:19:05] Procesando: [OUTPUT] PrettyPrint = true -> clave: OUTPUT_PrettyPrint
[23/09/2025 14:19:05] Clave actualizada: OUTPUT_PrettyPrint = true
[23/09/2025 14:19:05] Procesando: [LOGGING] Verbose = false -> clave: LOGGING_Verbose
[23/09/2025 14:19:05] Clave actualizada: LOGGING_Verbose = false
[23/09/2025 14:19:05] Procesando: [LOGGING] QuietMode = false -> clave: LOGGING_QuietMode
[23/09/2025 14:19:05] Clave actualizada: LOGGING_QuietMode = false
[23/09/2025 14:19:05] Procesando: [LOGGING] LogFile = cli.log -> clave: LOGGING_LogFile
[23/09/2025 14:19:05] Ruta resuelta: C:\Proyectos\cli\cli.log
[23/09/2025 14:19:05] Clave actualizada: LOGGING_LogFile = C:\Proyectos\cli\cli.log
[23/09/2025 14:19:05] Procesando: [LOGGING] LogLevel = INFO -> clave: LOGGING_LogLevel
[23/09/2025 14:19:05] Clave actualizada: LOGGING_LogLevel = INFO
[23/09/2025 14:19:05] Procesando: [EXTRACTION] IncludeTables = true -> clave: EXTRACTION_IncludeTables
[23/09/2025 14:19:05] Clave actualizada: EXTRACTION_IncludeTables = true
[23/09/2025 14:19:05] Procesando: [EXTRACTION] IncludeForms = true -> clave: EXTRACTION_IncludeForms
[23/09/2025 14:19:05] Clave actualizada: EXTRACTION_IncludeForms = true
[23/09/2025 14:19:05] Procesando: [EXTRACTION] IncludeQueries = true -> clave: EXTRACTION_IncludeQueries
[23/09/2025 14:19:05] Clave actualizada: EXTRACTION_IncludeQueries = true
[23/09/2025 14:19:05] Procesando: [EXTRACTION] IncludeRelations = true -> clave: EXTRACTION_IncludeRelations
[23/09/2025 14:19:05] Clave actualizada: EXTRACTION_IncludeRelations = true
[23/09/2025 14:19:05] Procesando: [EXTRACTION] FilterSystemObjects = true -> clave: EXTRACTION_FilterSystemObjects
[23/09/2025 14:19:05] Clave actualizada: EXTRACTION_FilterSystemObjects = true
[23/09/2025 14:19:05] Procesando: [TABLES] IncludeSystemTables = false -> clave: TABLES_IncludeSystemTables
[23/09/2025 14:19:05] Clave agregada: TABLES_IncludeSystemTables = false
[23/09/2025 14:19:05] Procesando: [TABLES] IncludeFieldProperties = true -> clave: TABLES_IncludeFieldProperties
[23/09/2025 14:19:05] Clave agregada: TABLES_IncludeFieldProperties = true
[23/09/2025 14:19:05] Procesando: [TABLES] IncludeConstraints = true -> clave: TABLES_IncludeConstraints
[23/09/2025 14:19:06] Clave agregada: TABLES_IncludeConstraints = true
[23/09/2025 14:19:06] Procesando: [TABLES] IncludeTableProperties = true -> clave: TABLES_IncludeTableProperties
[23/09/2025 14:19:06] Clave agregada: TABLES_IncludeTableProperties = true
[23/09/2025 14:19:06] Procesando: [FORMS] IncludeControlProperties = true -> clave: FORMS_IncludeControlProperties
[23/09/2025 14:19:06] Clave agregada: FORMS_IncludeControlProperties = true
[23/09/2025 14:19:06] Procesando: [FORMS] IncludeEventHandlers = true -> clave: FORMS_IncludeEventHandlers
[23/09/2025 14:19:06] Clave agregada: FORMS_IncludeEventHandlers = true
[23/09/2025 14:19:06] Procesando: [FORMS] IncludeSubforms = true -> clave: FORMS_IncludeSubforms
[23/09/2025 14:19:06] Clave agregada: FORMS_IncludeSubforms = true
[23/09/2025 14:19:06] Procesando: [FORMS] IncludeControlLayout = true -> clave: FORMS_IncludeControlLayout
[23/09/2025 14:19:06] Clave agregada: FORMS_IncludeControlLayout = true
[23/09/2025 14:19:06] Procesando: [TESTING] TestMode = false -> clave: TESTING_TestMode
[23/09/2025 14:19:06] Clave agregada: TESTING_TestMode = false
[23/09/2025 14:19:06] Procesando: [TESTING] TestDatabase = .\test\sample.accdb -> clave: TESTING_TestDatabase
[23/09/2025 14:19:06] Clave agregada: TESTING_TestDatabase = .\test\sample.accdb
[23/09/2025 14:19:06] Procesando: [TESTING] TestOutputPath = .\test\output -> clave: TESTING_TestOutputPath
[23/09/2025 14:19:06] Ruta resuelta: C:\Proyectos\cli\.\test\output
[23/09/2025 14:19:06] Clave agregada: TESTING_TestOutputPath = C:\Proyectos\cli\.\test\output
[23/09/2025 14:19:06] Procesando: [TESTING] DryRun = false -> clave: TESTING_DryRun
[23/09/2025 14:19:06] Clave agregada: TESTING_DryRun = false
[23/09/2025 14:19:06] Procesando: [PERFORMANCE] BatchSize = 100 -> clave: PERFORMANCE_BatchSize
[23/09/2025 14:19:06] Clave agregada: PERFORMANCE_BatchSize = 100
[23/09/2025 14:19:06] Procesando: [PERFORMANCE] TimeoutSeconds = 30 -> clave: PERFORMANCE_TimeoutSeconds
[23/09/2025 14:19:06] Clave agregada: PERFORMANCE_TimeoutSeconds = 30
[23/09/2025 14:19:06] Procesando: [PERFORMANCE] MaxMemoryMB = 512 -> clave: PERFORMANCE_MaxMemoryMB
[23/09/2025 14:19:06] Clave agregada: PERFORMANCE_MaxMemoryMB = 512
[23/09/2025 14:19:06] Procesando: [SECURITY] AllowSystemAccess = false -> clave: SECURITY_AllowSystemAccess
[23/09/2025 14:19:06] Clave agregada: SECURITY_AllowSystemAccess = false
[23/09/2025 14:19:06] Procesando: [SECURITY] ValidateInputs = true -> clave: SECURITY_ValidateInputs
[23/09/2025 14:19:06] Clave agregada: SECURITY_ValidateInputs = true
[23/09/2025 14:19:06] Procesando: [SECURITY] SanitizeOutput = true -> clave: SECURITY_SanitizeOutput
[23/09/2025 14:19:06] Clave agregada: SECURITY_SanitizeOutput = true
[23/09/2025 14:19:06] Procesando: [COMPATIBILITY] AccessVersion = 2016 -> clave: COMPATIBILITY_AccessVersion
[23/09/2025 14:19:06] Clave agregada: COMPATIBILITY_AccessVersion = 2016
[23/09/2025 14:19:06] Procesando: [COMPATIBILITY] UseADO = true -> clave: COMPATIBILITY_UseADO
[23/09/2025 14:19:06] Clave agregada: COMPATIBILITY_UseADO = true
[23/09/2025 14:19:06] Procesando: [COMPATIBILITY] UseLegacyMode = false -> clave: COMPATIBILITY_UseLegacyMode
[23/09/2025 14:19:07] Clave agregada: COMPATIBILITY_UseLegacyMode = false
[23/09/2025 14:19:07] Procesando: [VBA] EnableVBEAccess = true -> clave: VBA_EnableVBEAccess
[23/09/2025 14:19:07] Clave agregada: VBA_EnableVBEAccess = true
[23/09/2025 14:19:07] Procesando: [VBA] TrustVBAProject = true -> clave: VBA_TrustVBAProject
[23/09/2025 14:19:07] Clave agregada: VBA_TrustVBAProject = true
[23/09/2025 14:19:07] Procesando: [VBA] RequireVBAAccess = true -> clave: VBA_RequireVBAAccess
[23/09/2025 14:19:07] Clave agregada: VBA_RequireVBAAccess = true
[23/09/2025 14:19:07] Procesando: [UI] Root = .\ui -> clave: UI_Root
[23/09/2025 14:19:07] Clave agregada: UI_Root = .\ui
[23/09/2025 14:19:07] Procesando: [UI] FormsDir = forms -> clave: UI_FormsDir
[23/09/2025 14:19:07] Clave agregada: UI_FormsDir = forms
[23/09/2025 14:19:07] Procesando: [UI] AssetsDir = assets -> clave: UI_AssetsDir
[23/09/2025 14:19:07] Clave agregada: UI_AssetsDir = assets
[23/09/2025 14:19:07] Procesando: [UI] DefaultFormat = json -> clave: UI_DefaultFormat
[23/09/2025 14:19:07] Clave agregada: UI_DefaultFormat = json
[23/09/2025 14:19:07] Procesando: [UI] IncludeSubdirectories = true -> clave: UI_IncludeSubdirectories
[23/09/2025 14:19:07] Clave agregada: UI_IncludeSubdirectories = true
[23/09/2025 14:19:07] Procesando: [UI] FormFilePattern = *.json -> clave: UI_FormFilePattern
[23/09/2025 14:19:07] Clave agregada: UI_FormFilePattern = *.json
[23/09/2025 14:19:07] Procesando: [UI] NameFromFileBase = true -> clave: UI_NameFromFileBase
[23/09/2025 14:19:07] Ruta resuelta: C:\Proyectos\cli\true
[23/09/2025 14:19:07] Clave agregada: UI_NameFromFileBase = C:\Proyectos\cli\true
[23/09/2025 14:32:42] Archivo de configuracion encontrado: C:\Proyectos\cli\cli.ini
[23/09/2025 14:32:42] Procesando: [DATABASE] DefaultPath = CONDOR.accdb -> clave: DATABASE_DefaultPath
[23/09/2025 14:32:42] Ruta resuelta: C:\Proyectos\cli\CONDOR.accdb
[23/09/2025 14:32:42] Clave actualizada: DATABASE_DefaultPath = C:\Proyectos\cli\CONDOR.accdb
[23/09/2025 14:32:42] Procesando: [DATABASE] Password =  -> clave: DATABASE_Password
[23/09/2025 14:32:43] Clave actualizada: DATABASE_Password = 
[23/09/2025 14:32:43] Procesando: [DATABASE] Timeout = 30 -> clave: DATABASE_Timeout
[23/09/2025 14:32:43] Clave actualizada: DATABASE_Timeout = 30
[23/09/2025 14:32:43] Procesando: [MODULES] SrcPath = src -> clave: MODULES_SrcPath
[23/09/2025 14:32:43] Ruta resuelta: C:\Proyectos\cli\src
[23/09/2025 14:32:43] Clave actualizada: MODULES_SrcPath = C:\Proyectos\cli\src
[23/09/2025 14:32:43] Procesando: [MODULES] Extensions = .bas,.cls -> clave: MODULES_Extensions
[23/09/2025 14:32:43] Clave actualizada: MODULES_Extensions = .bas,.cls
[23/09/2025 14:32:43] Procesando: [MODULES] IncludeSubdirectories = true -> clave: MODULES_IncludeSubdirectories
[23/09/2025 14:32:43] Clave actualizada: MODULES_IncludeSubdirectories = true
[23/09/2025 14:32:43] Procesando: [MODULES] FilePattern = * -> clave: MODULES_FilePattern
[23/09/2025 14:32:43] Clave actualizada: MODULES_FilePattern = *
[23/09/2025 14:32:43] Procesando: [OUTPUT] DefaultPath = output -> clave: OUTPUT_DefaultPath
[23/09/2025 14:32:43] Ruta resuelta: C:\Proyectos\cli\output
[23/09/2025 14:32:43] Clave actualizada: OUTPUT_DefaultPath = C:\Proyectos\cli\output
[23/09/2025 14:32:43] Procesando: [OUTPUT] Format = json -> clave: OUTPUT_Format
[23/09/2025 14:32:43] Clave actualizada: OUTPUT_Format = json
[23/09/2025 14:32:43] Procesando: [OUTPUT] PrettyPrint = true -> clave: OUTPUT_PrettyPrint
[23/09/2025 14:32:43] Clave actualizada: OUTPUT_PrettyPrint = true
[23/09/2025 14:32:43] Procesando: [LOGGING] Verbose = false -> clave: LOGGING_Verbose
[23/09/2025 14:32:43] Clave actualizada: LOGGING_Verbose = false
[23/09/2025 14:32:43] Procesando: [LOGGING] QuietMode = false -> clave: LOGGING_QuietMode
[23/09/2025 14:32:43] Clave actualizada: LOGGING_QuietMode = false
[23/09/2025 14:32:43] Procesando: [LOGGING] LogFile = cli.log -> clave: LOGGING_LogFile
[23/09/2025 14:32:43] Ruta resuelta: C:\Proyectos\cli\cli.log
[23/09/2025 14:32:43] Clave actualizada: LOGGING_LogFile = C:\Proyectos\cli\cli.log
[23/09/2025 14:32:43] Procesando: [LOGGING] LogLevel = INFO -> clave: LOGGING_LogLevel
[23/09/2025 14:32:43] Clave actualizada: LOGGING_LogLevel = INFO
[23/09/2025 14:32:43] Procesando: [EXTRACTION] IncludeTables = true -> clave: EXTRACTION_IncludeTables
[23/09/2025 14:32:43] Clave actualizada: EXTRACTION_IncludeTables = true
[23/09/2025 14:32:43] Procesando: [EXTRACTION] IncludeForms = true -> clave: EXTRACTION_IncludeForms
[23/09/2025 14:32:43] Clave actualizada: EXTRACTION_IncludeForms = true
[23/09/2025 14:32:43] Procesando: [EXTRACTION] IncludeQueries = true -> clave: EXTRACTION_IncludeQueries
[23/09/2025 14:32:43] Clave actualizada: EXTRACTION_IncludeQueries = true
[23/09/2025 14:32:43] Procesando: [EXTRACTION] IncludeRelations = true -> clave: EXTRACTION_IncludeRelations
[23/09/2025 14:32:43] Clave actualizada: EXTRACTION_IncludeRelations = true
[23/09/2025 14:32:44] Procesando: [EXTRACTION] FilterSystemObjects = true -> clave: EXTRACTION_FilterSystemObjects
[23/09/2025 14:32:44] Clave actualizada: EXTRACTION_FilterSystemObjects = true
[23/09/2025 14:32:44] Procesando: [TABLES] IncludeSystemTables = false -> clave: TABLES_IncludeSystemTables
[23/09/2025 14:32:44] Clave agregada: TABLES_IncludeSystemTables = false
[23/09/2025 14:32:44] Procesando: [TABLES] IncludeFieldProperties = true -> clave: TABLES_IncludeFieldProperties
[23/09/2025 14:32:44] Clave agregada: TABLES_IncludeFieldProperties = true
[23/09/2025 14:32:44] Procesando: [TABLES] IncludeConstraints = true -> clave: TABLES_IncludeConstraints
[23/09/2025 14:32:44] Clave agregada: TABLES_IncludeConstraints = true
[23/09/2025 14:32:44] Procesando: [TABLES] IncludeTableProperties = true -> clave: TABLES_IncludeTableProperties
[23/09/2025 14:32:44] Clave agregada: TABLES_IncludeTableProperties = true
[23/09/2025 14:32:44] Procesando: [FORMS] IncludeControlProperties = true -> clave: FORMS_IncludeControlProperties
[23/09/2025 14:32:44] Clave agregada: FORMS_IncludeControlProperties = true
[23/09/2025 14:32:44] Procesando: [FORMS] IncludeEventHandlers = true -> clave: FORMS_IncludeEventHandlers
[23/09/2025 14:32:44] Clave agregada: FORMS_IncludeEventHandlers = true
[23/09/2025 14:32:44] Procesando: [FORMS] IncludeSubforms = true -> clave: FORMS_IncludeSubforms
[23/09/2025 14:32:44] Clave agregada: FORMS_IncludeSubforms = true
[23/09/2025 14:32:44] Procesando: [FORMS] IncludeControlLayout = true -> clave: FORMS_IncludeControlLayout
[23/09/2025 14:32:44] Clave agregada: FORMS_IncludeControlLayout = true
[23/09/2025 14:32:44] Procesando: [TESTING] TestMode = false -> clave: TESTING_TestMode
[23/09/2025 14:32:44] Clave agregada: TESTING_TestMode = false
[23/09/2025 14:32:44] Procesando: [TESTING] TestDatabase = .\test\sample.accdb -> clave: TESTING_TestDatabase
[23/09/2025 14:32:44] Clave agregada: TESTING_TestDatabase = .\test\sample.accdb
[23/09/2025 14:32:44] Procesando: [TESTING] TestOutputPath = .\test\output -> clave: TESTING_TestOutputPath
[23/09/2025 14:32:44] Ruta resuelta: C:\Proyectos\cli\.\test\output
[23/09/2025 14:32:44] Clave agregada: TESTING_TestOutputPath = C:\Proyectos\cli\.\test\output
[23/09/2025 14:32:44] Procesando: [TESTING] DryRun = false -> clave: TESTING_DryRun
[23/09/2025 14:32:44] Clave agregada: TESTING_DryRun = false
[23/09/2025 14:32:44] Procesando: [PERFORMANCE] BatchSize = 100 -> clave: PERFORMANCE_BatchSize
[23/09/2025 14:32:44] Clave agregada: PERFORMANCE_BatchSize = 100
[23/09/2025 14:32:44] Procesando: [PERFORMANCE] TimeoutSeconds = 30 -> clave: PERFORMANCE_TimeoutSeconds
[23/09/2025 14:32:44] Clave agregada: PERFORMANCE_TimeoutSeconds = 30
[23/09/2025 14:32:44] Procesando: [PERFORMANCE] MaxMemoryMB = 512 -> clave: PERFORMANCE_MaxMemoryMB
[23/09/2025 14:32:44] Clave agregada: PERFORMANCE_MaxMemoryMB = 512
[23/09/2025 14:32:44] Procesando: [SECURITY] AllowSystemAccess = false -> clave: SECURITY_AllowSystemAccess
[23/09/2025 14:32:45] Clave agregada: SECURITY_AllowSystemAccess = false
[23/09/2025 14:32:45] Procesando: [SECURITY] ValidateInputs = true -> clave: SECURITY_ValidateInputs
[23/09/2025 14:32:45] Clave agregada: SECURITY_ValidateInputs = true
[23/09/2025 14:32:45] Procesando: [SECURITY] SanitizeOutput = true -> clave: SECURITY_SanitizeOutput
[23/09/2025 14:32:45] Clave agregada: SECURITY_SanitizeOutput = true
[23/09/2025 14:32:45] Procesando: [COMPATIBILITY] AccessVersion = 2016 -> clave: COMPATIBILITY_AccessVersion
[23/09/2025 14:32:45] Clave agregada: COMPATIBILITY_AccessVersion = 2016
[23/09/2025 14:32:45] Procesando: [COMPATIBILITY] UseADO = true -> clave: COMPATIBILITY_UseADO
[23/09/2025 14:32:45] Clave agregada: COMPATIBILITY_UseADO = true
[23/09/2025 14:32:45] Procesando: [COMPATIBILITY] UseLegacyMode = false -> clave: COMPATIBILITY_UseLegacyMode
[23/09/2025 14:32:45] Clave agregada: COMPATIBILITY_UseLegacyMode = false
[23/09/2025 14:32:45] Procesando: [VBA] EnableVBEAccess = true -> clave: VBA_EnableVBEAccess
[23/09/2025 14:32:45] Clave agregada: VBA_EnableVBEAccess = true
[23/09/2025 14:32:45] Procesando: [VBA] TrustVBAProject = true -> clave: VBA_TrustVBAProject
[23/09/2025 14:32:45] Clave agregada: VBA_TrustVBAProject = true
[23/09/2025 14:32:45] Procesando: [VBA] RequireVBAAccess = true -> clave: VBA_RequireVBAAccess
[23/09/2025 14:32:45] Clave agregada: VBA_RequireVBAAccess = true
[23/09/2025 14:32:45] Procesando: [UI] Root = .\ui -> clave: UI_Root
[23/09/2025 14:32:45] Clave agregada: UI_Root = .\ui
[23/09/2025 14:32:45] Procesando: [UI] FormsDir = forms -> clave: UI_FormsDir
[23/09/2025 14:32:45] Clave agregada: UI_FormsDir = forms
[23/09/2025 14:32:45] Procesando: [UI] AssetsDir = assets -> clave: UI_AssetsDir
[23/09/2025 14:32:45] Clave agregada: UI_AssetsDir = assets
[23/09/2025 14:32:45] Procesando: [UI] DefaultFormat = json -> clave: UI_DefaultFormat
[23/09/2025 14:32:45] Clave agregada: UI_DefaultFormat = json
[23/09/2025 14:32:45] Procesando: [UI] IncludeSubdirectories = true -> clave: UI_IncludeSubdirectories
[23/09/2025 14:32:45] Clave agregada: UI_IncludeSubdirectories = true
[23/09/2025 14:32:45] Procesando: [UI] FormFilePattern = *.json -> clave: UI_FormFilePattern
[23/09/2025 14:32:45] Clave agregada: UI_FormFilePattern = *.json
[23/09/2025 14:32:45] Procesando: [UI] NameFromFileBase = true -> clave: UI_NameFromFileBase
[23/09/2025 14:32:45] Ruta resuelta: C:\Proyectos\cli\true
[23/09/2025 14:32:45] Clave agregada: UI_NameFromFileBase = C:\Proyectos\cli\true
[23/09/2025 14:32:45] Archivo de configuracion encontrado: C:\Proyectos\cli\cli.ini
[23/09/2025 14:32:45] Procesando: [DATABASE] DefaultPath = CONDOR.accdb -> clave: DATABASE_DefaultPath
[23/09/2025 14:32:45] Ruta resuelta: C:\Proyectos\cli\CONDOR.accdb
[23/09/2025 14:32:45] Clave actualizada: DATABASE_DefaultPath = C:\Proyectos\cli\CONDOR.accdb
[23/09/2025 14:32:45] Procesando: [DATABASE] Password =  -> clave: DATABASE_Password
[23/09/2025 14:32:46] Clave actualizada: DATABASE_Password = 
[23/09/2025 14:32:46] Procesando: [DATABASE] Timeout = 30 -> clave: DATABASE_Timeout
[23/09/2025 14:32:46] Clave actualizada: DATABASE_Timeout = 30
[23/09/2025 14:32:46] Procesando: [MODULES] SrcPath = src -> clave: MODULES_SrcPath
[23/09/2025 14:32:46] Ruta resuelta: C:\Proyectos\cli\src
[23/09/2025 14:32:46] Clave actualizada: MODULES_SrcPath = C:\Proyectos\cli\src
[23/09/2025 14:32:46] Procesando: [MODULES] Extensions = .bas,.cls -> clave: MODULES_Extensions
[23/09/2025 14:32:46] Clave actualizada: MODULES_Extensions = .bas,.cls
[23/09/2025 14:32:46] Procesando: [MODULES] IncludeSubdirectories = true -> clave: MODULES_IncludeSubdirectories
[23/09/2025 14:32:46] Clave actualizada: MODULES_IncludeSubdirectories = true
[23/09/2025 14:32:46] Procesando: [MODULES] FilePattern = * -> clave: MODULES_FilePattern
[23/09/2025 14:32:46] Clave actualizada: MODULES_FilePattern = *
[23/09/2025 14:32:46] Procesando: [OUTPUT] DefaultPath = output -> clave: OUTPUT_DefaultPath
[23/09/2025 14:32:46] Ruta resuelta: C:\Proyectos\cli\output
[23/09/2025 14:32:46] Clave actualizada: OUTPUT_DefaultPath = C:\Proyectos\cli\output
[23/09/2025 14:32:46] Procesando: [OUTPUT] Format = json -> clave: OUTPUT_Format
[23/09/2025 14:32:46] Clave actualizada: OUTPUT_Format = json
[23/09/2025 14:32:46] Procesando: [OUTPUT] PrettyPrint = true -> clave: OUTPUT_PrettyPrint
[23/09/2025 14:32:46] Clave actualizada: OUTPUT_PrettyPrint = true
[23/09/2025 14:32:46] Procesando: [LOGGING] Verbose = false -> clave: LOGGING_Verbose
[23/09/2025 14:32:46] Clave actualizada: LOGGING_Verbose = false
[23/09/2025 14:32:46] Procesando: [LOGGING] QuietMode = false -> clave: LOGGING_QuietMode
[23/09/2025 14:32:46] Clave actualizada: LOGGING_QuietMode = false
[23/09/2025 14:32:46] Procesando: [LOGGING] LogFile = cli.log -> clave: LOGGING_LogFile
[23/09/2025 14:32:46] Ruta resuelta: C:\Proyectos\cli\cli.log
[23/09/2025 14:32:46] Clave actualizada: LOGGING_LogFile = C:\Proyectos\cli\cli.log
[23/09/2025 14:32:46] Procesando: [LOGGING] LogLevel = INFO -> clave: LOGGING_LogLevel
[23/09/2025 14:32:46] Clave actualizada: LOGGING_LogLevel = INFO
[23/09/2025 14:32:46] Procesando: [EXTRACTION] IncludeTables = true -> clave: EXTRACTION_IncludeTables
[23/09/2025 14:32:46] Clave actualizada: EXTRACTION_IncludeTables = true
[23/09/2025 14:32:46] Procesando: [EXTRACTION] IncludeForms = true -> clave: EXTRACTION_IncludeForms
[23/09/2025 14:32:46] Clave actualizada: EXTRACTION_IncludeForms = true
[23/09/2025 14:32:46] Procesando: [EXTRACTION] IncludeQueries = true -> clave: EXTRACTION_IncludeQueries
[23/09/2025 14:32:46] Clave actualizada: EXTRACTION_IncludeQueries = true
[23/09/2025 14:32:47] Procesando: [EXTRACTION] IncludeRelations = true -> clave: EXTRACTION_IncludeRelations
[23/09/2025 14:32:47] Clave actualizada: EXTRACTION_IncludeRelations = true
[23/09/2025 14:32:47] Procesando: [EXTRACTION] FilterSystemObjects = true -> clave: EXTRACTION_FilterSystemObjects
[23/09/2025 14:32:47] Clave actualizada: EXTRACTION_FilterSystemObjects = true
[23/09/2025 14:32:47] Procesando: [TABLES] IncludeSystemTables = false -> clave: TABLES_IncludeSystemTables
[23/09/2025 14:32:47] Clave agregada: TABLES_IncludeSystemTables = false
[23/09/2025 14:32:47] Procesando: [TABLES] IncludeFieldProperties = true -> clave: TABLES_IncludeFieldProperties
[23/09/2025 14:32:47] Clave agregada: TABLES_IncludeFieldProperties = true
[23/09/2025 14:32:47] Procesando: [TABLES] IncludeConstraints = true -> clave: TABLES_IncludeConstraints
[23/09/2025 14:32:47] Clave agregada: TABLES_IncludeConstraints = true
[23/09/2025 14:32:47] Procesando: [TABLES] IncludeTableProperties = true -> clave: TABLES_IncludeTableProperties
[23/09/2025 14:32:47] Clave agregada: TABLES_IncludeTableProperties = true
[23/09/2025 14:32:47] Procesando: [FORMS] IncludeControlProperties = true -> clave: FORMS_IncludeControlProperties
[23/09/2025 14:32:47] Clave agregada: FORMS_IncludeControlProperties = true
[23/09/2025 14:32:47] Procesando: [FORMS] IncludeEventHandlers = true -> clave: FORMS_IncludeEventHandlers
[23/09/2025 14:32:47] Clave agregada: FORMS_IncludeEventHandlers = true
[23/09/2025 14:32:47] Procesando: [FORMS] IncludeSubforms = true -> clave: FORMS_IncludeSubforms
[23/09/2025 14:32:47] Clave agregada: FORMS_IncludeSubforms = true
[23/09/2025 14:32:47] Procesando: [FORMS] IncludeControlLayout = true -> clave: FORMS_IncludeControlLayout
[23/09/2025 14:32:47] Clave agregada: FORMS_IncludeControlLayout = true
[23/09/2025 14:32:47] Procesando: [TESTING] TestMode = false -> clave: TESTING_TestMode
[23/09/2025 14:32:47] Clave agregada: TESTING_TestMode = false
[23/09/2025 14:32:47] Procesando: [TESTING] TestDatabase = .\test\sample.accdb -> clave: TESTING_TestDatabase
[23/09/2025 14:32:47] Clave agregada: TESTING_TestDatabase = .\test\sample.accdb
[23/09/2025 14:32:47] Procesando: [TESTING] TestOutputPath = .\test\output -> clave: TESTING_TestOutputPath
[23/09/2025 14:32:47] Ruta resuelta: C:\Proyectos\cli\.\test\output
[23/09/2025 14:32:47] Clave agregada: TESTING_TestOutputPath = C:\Proyectos\cli\.\test\output
[23/09/2025 14:32:47] Procesando: [TESTING] DryRun = false -> clave: TESTING_DryRun
[23/09/2025 14:32:47] Clave agregada: TESTING_DryRun = false
[23/09/2025 14:32:47] Procesando: [PERFORMANCE] BatchSize = 100 -> clave: PERFORMANCE_BatchSize
[23/09/2025 14:32:47] Clave agregada: PERFORMANCE_BatchSize = 100
[23/09/2025 14:32:47] Procesando: [PERFORMANCE] TimeoutSeconds = 30 -> clave: PERFORMANCE_TimeoutSeconds
[23/09/2025 14:32:47] Clave agregada: PERFORMANCE_TimeoutSeconds = 30
[23/09/2025 14:32:47] Procesando: [PERFORMANCE] MaxMemoryMB = 512 -> clave: PERFORMANCE_MaxMemoryMB
[23/09/2025 14:32:48] Clave agregada: PERFORMANCE_MaxMemoryMB = 512
[23/09/2025 14:32:48] Procesando: [SECURITY] AllowSystemAccess = false -> clave: SECURITY_AllowSystemAccess
[23/09/2025 14:32:48] Clave agregada: SECURITY_AllowSystemAccess = false
[23/09/2025 14:32:48] Procesando: [SECURITY] ValidateInputs = true -> clave: SECURITY_ValidateInputs
[23/09/2025 14:32:48] Clave agregada: SECURITY_ValidateInputs = true
[23/09/2025 14:32:48] Procesando: [SECURITY] SanitizeOutput = true -> clave: SECURITY_SanitizeOutput
[23/09/2025 14:32:48] Clave agregada: SECURITY_SanitizeOutput = true
[23/09/2025 14:32:48] Procesando: [COMPATIBILITY] AccessVersion = 2016 -> clave: COMPATIBILITY_AccessVersion
[23/09/2025 14:32:48] Clave agregada: COMPATIBILITY_AccessVersion = 2016
[23/09/2025 14:32:48] Procesando: [COMPATIBILITY] UseADO = true -> clave: COMPATIBILITY_UseADO
[23/09/2025 14:32:48] Clave agregada: COMPATIBILITY_UseADO = true
[23/09/2025 14:32:48] Procesando: [COMPATIBILITY] UseLegacyMode = false -> clave: COMPATIBILITY_UseLegacyMode
[23/09/2025 14:32:48] Clave agregada: COMPATIBILITY_UseLegacyMode = false
[23/09/2025 14:32:48] Procesando: [VBA] EnableVBEAccess = true -> clave: VBA_EnableVBEAccess
[23/09/2025 14:32:48] Clave agregada: VBA_EnableVBEAccess = true
[23/09/2025 14:32:48] Procesando: [VBA] TrustVBAProject = true -> clave: VBA_TrustVBAProject
[23/09/2025 14:32:48] Clave agregada: VBA_TrustVBAProject = true
[23/09/2025 14:32:48] Procesando: [VBA] RequireVBAAccess = true -> clave: VBA_RequireVBAAccess
[23/09/2025 14:32:48] Clave agregada: VBA_RequireVBAAccess = true
[23/09/2025 14:32:48] Procesando: [UI] Root = .\ui -> clave: UI_Root
[23/09/2025 14:32:48] Clave agregada: UI_Root = .\ui
[23/09/2025 14:32:48] Procesando: [UI] FormsDir = forms -> clave: UI_FormsDir
[23/09/2025 14:32:48] Clave agregada: UI_FormsDir = forms
[23/09/2025 14:32:48] Procesando: [UI] AssetsDir = assets -> clave: UI_AssetsDir
[23/09/2025 14:32:48] Clave agregada: UI_AssetsDir = assets
[23/09/2025 14:32:48] Procesando: [UI] DefaultFormat = json -> clave: UI_DefaultFormat
[23/09/2025 14:32:48] Clave agregada: UI_DefaultFormat = json
[23/09/2025 14:32:48] Procesando: [UI] IncludeSubdirectories = true -> clave: UI_IncludeSubdirectories
[23/09/2025 14:32:48] Clave agregada: UI_IncludeSubdirectories = true
[23/09/2025 14:32:48] Procesando: [UI] FormFilePattern = *.json -> clave: UI_FormFilePattern
[23/09/2025 14:32:48] Clave agregada: UI_FormFilePattern = *.json
[23/09/2025 14:32:48] Procesando: [UI] NameFromFileBase = true -> clave: UI_NameFromFileBase
[23/09/2025 14:32:48] Ruta resuelta: C:\Proyectos\cli\true
[23/09/2025 14:32:48] Clave agregada: UI_NameFromFileBase = C:\Proyectos\cli\true
[23/09/2025 14:35:28] [ERROR] Comando no reconocido: /help
[23/09/2025 14:35:42] [ERROR] Comando no reconocido: /help
[23/09/2025 14:35:52] Listando objetos de: CONDOR.accdb
[23/09/2025 14:36:05] Listando objetos de: CONDOR.accdb
[23/09/2025 14:54:19] Modo de prueba activado
[23/09/2025 14:54:19] Función RunTests no implementada
[23/09/2025 14:55:27] Modo de prueba activado
[23/09/2025 14:55:27] Función RunTests no implementada
[23/09/2025 14:56:14] Modo de prueba activado
[23/09/2025 14:56:14] Función RunTests no implementada
[23/09/2025 14:57:34] Modo de prueba activado
[23/09/2025 14:57:34] Función RunTests no implementada
[23/09/2025 15:03:22] Modo de prueba activado
[23/09/2025 15:03:22] Función RunTests no implementada
[23/09/2025 15:07:27] Modo de prueba activado
[23/09/2025 15:07:27] Función RunTests no implementada
[23/09/2025 15:07:45] [ERROR] Comando no reconocido: /help
[23/09/2025 16:25:16] [ERROR] Comando no reconocido: /help
[23/09/2025 17:11:03] [ERROR] Comando no reconocido: /help
[23/09/2025 17:11:14] Validacion de configuracion: OK
[23/09/2025 17:11:24] Modo simulacion activado
[23/09/2025 17:11:24] [ERROR] Faltan argumentos para list-objects
[23/09/2025 17:11:33] Modo simulacion activado
[23/09/2025 17:17:56] [ERROR] Comando no reconocido: /help
[23/09/2025 17:18:06] Validacion de configuracion: OK
[23/09/2025 17:22:45] [ERROR] Comando no reconocido: bundle
[23/09/2025 17:39:53] [ERROR] Comando no reconocido: /help
[23/09/2025 18:41:43] [ERROR] Comando no reconocido: /help
[23/09/2025 19:59:25] [ERROR] Comando no reconocido: /help
